<?xml version="1.0" encoding="UTF-8"?>
<!-- Generated by org.testng.reporters.JUnitReportReporter -->
<testsuite hostname="User-PC" failures="0" tests="1" name="p1.ExtentReportss" time="18.314" errors="0" timestamp="2022-04-03T21:19:33 IST" skipped="0">
  <testcase classname="p1.ExtentReportss" name="demo" time="18.314"/>
  <system-out/>
</testsuite> <!-- p1.ExtentReportss -->
